{"C:\\Users\\prema\\OneDrive\\Escritorio\\Conestoga\\4th Semester LOCK IN\\Open Source Programming\\clean-arch-ts\\src\\controllers\\admin.ts": {"path":"C:\\Users\\prema\\OneDrive\\Escritorio\\Conestoga\\4th Semester LOCK IN\\Open Source Programming\\clean-arch-ts\\src\\controllers\\admin.ts","statementMap":{"0":{"start":{"line":2,"column":0},"end":{"line":2,"column":98}},"1":{"start":{"line":3,"column":0},"end":{"line":3,"column":95}},"2":{"start":{"line":4,"column":0},"end":{"line":4,"column":87}},"3":{"start":{"line":5,"column":0},"end":{"line":5,"column":97}},"4":{"start":{"line":6,"column":0},"end":{"line":6,"column":49}},"5":{"start":{"line":9,"column":24},"end":{"line":11,"column":1}},"6":{"start":{"line":10,"column":2},"end":{"line":10,"column":null}},"7":{"start":{"line":9,"column":13},"end":{"line":9,"column":24}},"8":{"start":{"line":14,"column":28},"end":{"line":16,"column":1}},"9":{"start":{"line":15,"column":2},"end":{"line":15,"column":null}},"10":{"start":{"line":14,"column":13},"end":{"line":14,"column":28}},"11":{"start":{"line":19,"column":31},"end":{"line":31,"column":1}},"12":{"start":{"line":21,"column":13},"end":{"line":21,"column":36}},"13":{"start":{"line":23,"column":15},"end":{"line":23,"column":37}},"14":{"start":{"line":24,"column":2},"end":{"line":27,"column":3}},"15":{"start":{"line":25,"column":4},"end":{"line":25,"column":null}},"16":{"start":{"line":26,"column":4},"end":{"line":26,"column":10}},"17":{"start":{"line":29,"column":2},"end":{"line":29,"column":null}},"18":{"start":{"line":30,"column":2},"end":{"line":30,"column":null}},"19":{"start":{"line":19,"column":13},"end":{"line":19,"column":31}},"20":{"start":{"line":34,"column":34},"end":{"line":38,"column":1}},"21":{"start":{"line":35,"column":13},"end":{"line":35,"column":36}},"22":{"start":{"line":36,"column":2},"end":{"line":36,"column":null}},"23":{"start":{"line":37,"column":2},"end":{"line":37,"column":null}},"24":{"start":{"line":34,"column":13},"end":{"line":34,"column":34}},"25":{"start":{"line":45,"column":29},"end":{"line":82,"column":1}},"26":{"start":{"line":46,"column":19},"end":{"line":46,"column":42}},"27":{"start":{"line":47,"column":21},"end":{"line":47,"column":52}},"28":{"start":{"line":50,"column":2},"end":{"line":53,"column":3}},"29":{"start":{"line":51,"column":4},"end":{"line":51,"column":null}},"30":{"start":{"line":52,"column":4},"end":{"line":52,"column":10}},"31":{"start":{"line":56,"column":2},"end":{"line":59,"column":3}},"32":{"start":{"line":57,"column":4},"end":{"line":57,"column":null}},"33":{"start":{"line":58,"column":4},"end":{"line":58,"column":10}},"34":{"start":{"line":62,"column":17},"end":{"line":62,"column":45}},"35":{"start":{"line":63,"column":2},"end":{"line":66,"column":3}},"36":{"start":{"line":64,"column":4},"end":{"line":64,"column":null}},"37":{"start":{"line":65,"column":4},"end":{"line":65,"column":10}},"38":{"start":{"line":69,"column":2},"end":{"line":72,"column":3}},"39":{"start":{"line":70,"column":4},"end":{"line":70,"column":null}},"40":{"start":{"line":71,"column":4},"end":{"line":71,"column":10}},"41":{"start":{"line":75,"column":2},"end":{"line":78,"column":3}},"42":{"start":{"line":76,"column":4},"end":{"line":76,"column":null}},"43":{"start":{"line":77,"column":4},"end":{"line":77,"column":10}},"44":{"start":{"line":80,"column":18},"end":{"line":80,"column":58}},"45":{"start":{"line":81,"column":2},"end":{"line":81,"column":null}},"46":{"start":{"line":45,"column":13},"end":{"line":45,"column":29}}},"fnMap":{"0":{"name":"(anonymous_0)","decl":{"start":{"line":9,"column":24},"end":{"line":9,"column":29}},"loc":{"start":{"line":9,"column":78},"end":{"line":11,"column":1}}},"1":{"name":"(anonymous_1)","decl":{"start":{"line":14,"column":28},"end":{"line":14,"column":33}},"loc":{"start":{"line":14,"column":82},"end":{"line":16,"column":1}}},"2":{"name":"(anonymous_2)","decl":{"start":{"line":19,"column":31},"end":{"line":19,"column":36}},"loc":{"start":{"line":19,"column":84},"end":{"line":31,"column":1}}},"3":{"name":"(anonymous_3)","decl":{"start":{"line":34,"column":34},"end":{"line":34,"column":39}},"loc":{"start":{"line":34,"column":87},"end":{"line":38,"column":1}}},"4":{"name":"(anonymous_4)","decl":{"start":{"line":45,"column":29},"end":{"line":45,"column":34}},"loc":{"start":{"line":45,"column":82},"end":{"line":82,"column":1}}}},"branchMap":{"0":{"loc":{"start":{"line":24,"column":2},"end":{"line":27,"column":3}},"type":"if","locations":[{"start":{"line":24,"column":2},"end":{"line":27,"column":3}},{"start":{},"end":{}}]},"1":{"loc":{"start":{"line":50,"column":2},"end":{"line":53,"column":3}},"type":"if","locations":[{"start":{"line":50,"column":2},"end":{"line":53,"column":3}},{"start":{},"end":{}}]},"2":{"loc":{"start":{"line":56,"column":2},"end":{"line":59,"column":3}},"type":"if","locations":[{"start":{"line":56,"column":2},"end":{"line":59,"column":3}},{"start":{},"end":{}}]},"3":{"loc":{"start":{"line":63,"column":2},"end":{"line":66,"column":3}},"type":"if","locations":[{"start":{"line":63,"column":2},"end":{"line":66,"column":3}},{"start":{},"end":{}}]},"4":{"loc":{"start":{"line":69,"column":2},"end":{"line":72,"column":3}},"type":"if","locations":[{"start":{"line":69,"column":2},"end":{"line":72,"column":3}},{"start":{},"end":{}}]},"5":{"loc":{"start":{"line":75,"column":2},"end":{"line":78,"column":3}},"type":"if","locations":[{"start":{"line":75,"column":2},"end":{"line":78,"column":3}},{"start":{},"end":{}}]},"6":{"loc":{"start":{"line":75,"column":6},"end":{"line":75,"column":63}},"type":"binary-expr","locations":[{"start":{"line":75,"column":6},"end":{"line":75,"column":29}},{"start":{"line":75,"column":33},"end":{"line":75,"column":63}}]}},"s":{"0":1,"1":1,"2":1,"3":1,"4":1,"5":1,"6":1,"7":1,"8":1,"9":0,"10":1,"11":1,"12":2,"13":2,"14":2,"15":1,"16":1,"17":1,"18":1,"19":1,"20":1,"21":0,"22":0,"23":0,"24":1,"25":1,"26":3,"27":3,"28":3,"29":0,"30":0,"31":3,"32":1,"33":1,"34":2,"35":2,"36":0,"37":0,"38":2,"39":1,"40":1,"41":1,"42":0,"43":0,"44":1,"45":1,"46":1},"f":{"0":1,"1":0,"2":2,"3":0,"4":3},"b":{"0":[1,1],"1":[0,3],"2":[1,2],"3":[0,2],"4":[1,1],"5":[0,1],"6":[1,0]}}
,"C:\\Users\\prema\\OneDrive\\Escritorio\\Conestoga\\4th Semester LOCK IN\\Open Source Programming\\clean-arch-ts\\src\\controllers\\auth.ts": {"path":"C:\\Users\\prema\\OneDrive\\Escritorio\\Conestoga\\4th Semester LOCK IN\\Open Source Programming\\clean-arch-ts\\src\\controllers\\auth.ts","statementMap":{"0":{"start":{"line":2,"column":0},"end":{"line":2,"column":125}},"1":{"start":{"line":3,"column":0},"end":{"line":3,"column":50}},"2":{"start":{"line":4,"column":0},"end":{"line":4,"column":46}},"3":{"start":{"line":7,"column":24},"end":{"line":29,"column":1}},"4":{"start":{"line":8,"column":33},"end":{"line":8,"column":85}},"5":{"start":{"line":11,"column":2},"end":{"line":14,"column":3}},"6":{"start":{"line":12,"column":4},"end":{"line":12,"column":null}},"7":{"start":{"line":13,"column":4},"end":{"line":13,"column":10}},"8":{"start":{"line":17,"column":2},"end":{"line":20,"column":3}},"9":{"start":{"line":18,"column":4},"end":{"line":18,"column":null}},"10":{"start":{"line":19,"column":4},"end":{"line":19,"column":10}},"11":{"start":{"line":23,"column":15},"end":{"line":23,"column":68}},"12":{"start":{"line":25,"column":18},"end":{"line":25,"column":37}},"13":{"start":{"line":26,"column":16},"end":{"line":26,"column":95}},"14":{"start":{"line":28,"column":2},"end":{"line":28,"column":null}},"15":{"start":{"line":7,"column":13},"end":{"line":7,"column":24}},"16":{"start":{"line":32,"column":21},"end":{"line":66,"column":1}},"17":{"start":{"line":33,"column":33},"end":{"line":33,"column":85}},"18":{"start":{"line":36,"column":2},"end":{"line":39,"column":3}},"19":{"start":{"line":37,"column":4},"end":{"line":37,"column":null}},"20":{"start":{"line":38,"column":4},"end":{"line":38,"column":10}},"21":{"start":{"line":43,"column":15},"end":{"line":43,"column":70}},"22":{"start":{"line":45,"column":2},"end":{"line":62,"column":3}},"23":{"start":{"line":47,"column":21},"end":{"line":47,"column":55}},"24":{"start":{"line":49,"column":4},"end":{"line":52,"column":5}},"25":{"start":{"line":50,"column":6},"end":{"line":50,"column":null}},"26":{"start":{"line":51,"column":6},"end":{"line":51,"column":12}},"27":{"start":{"line":54,"column":4},"end":{"line":57,"column":5}},"28":{"start":{"line":55,"column":6},"end":{"line":55,"column":null}},"29":{"start":{"line":56,"column":6},"end":{"line":56,"column":12}},"30":{"start":{"line":60,"column":4},"end":{"line":60,"column":null}},"31":{"start":{"line":61,"column":4},"end":{"line":61,"column":10}},"32":{"start":{"line":64,"column":16},"end":{"line":64,"column":86}},"33":{"start":{"line":65,"column":2},"end":{"line":65,"column":null}},"34":{"start":{"line":32,"column":13},"end":{"line":32,"column":21}}},"fnMap":{"0":{"name":"(anonymous_0)","decl":{"start":{"line":7,"column":24},"end":{"line":7,"column":29}},"loc":{"start":{"line":7,"column":77},"end":{"line":29,"column":1}}},"1":{"name":"(anonymous_1)","decl":{"start":{"line":32,"column":21},"end":{"line":32,"column":26}},"loc":{"start":{"line":32,"column":74},"end":{"line":66,"column":1}}}},"branchMap":{"0":{"loc":{"start":{"line":11,"column":2},"end":{"line":14,"column":3}},"type":"if","locations":[{"start":{"line":11,"column":2},"end":{"line":14,"column":3}},{"start":{},"end":{}}]},"1":{"loc":{"start":{"line":11,"column":6},"end":{"line":11,"column":28}},"type":"binary-expr","locations":[{"start":{"line":11,"column":6},"end":{"line":11,"column":15}},{"start":{"line":11,"column":19},"end":{"line":11,"column":28}}]},"2":{"loc":{"start":{"line":17,"column":2},"end":{"line":20,"column":3}},"type":"if","locations":[{"start":{"line":17,"column":2},"end":{"line":20,"column":3}},{"start":{},"end":{}}]},"3":{"loc":{"start":{"line":36,"column":2},"end":{"line":39,"column":3}},"type":"if","locations":[{"start":{"line":36,"column":2},"end":{"line":39,"column":3}},{"start":{},"end":{}}]},"4":{"loc":{"start":{"line":36,"column":6},"end":{"line":36,"column":28}},"type":"binary-expr","locations":[{"start":{"line":36,"column":6},"end":{"line":36,"column":15}},{"start":{"line":36,"column":19},"end":{"line":36,"column":28}}]},"5":{"loc":{"start":{"line":45,"column":2},"end":{"line":62,"column":3}},"type":"if","locations":[{"start":{"line":45,"column":2},"end":{"line":62,"column":3}},{"start":{},"end":{}}]},"6":{"loc":{"start":{"line":49,"column":4},"end":{"line":52,"column":5}},"type":"if","locations":[{"start":{"line":49,"column":4},"end":{"line":52,"column":5}},{"start":{},"end":{}}]},"7":{"loc":{"start":{"line":49,"column":8},"end":{"line":49,"column":49}},"type":"binary-expr","locations":[{"start":{"line":49,"column":8},"end":{"line":49,"column":16}},{"start":{"line":49,"column":20},"end":{"line":49,"column":49}}]},"8":{"loc":{"start":{"line":54,"column":4},"end":{"line":57,"column":5}},"type":"if","locations":[{"start":{"line":54,"column":4},"end":{"line":57,"column":5}},{"start":{},"end":{}}]},"9":{"loc":{"start":{"line":54,"column":8},"end":{"line":54,"column":49}},"type":"binary-expr","locations":[{"start":{"line":54,"column":8},"end":{"line":54,"column":16}},{"start":{"line":54,"column":20},"end":{"line":54,"column":49}}]}},"s":{"0":1,"1":1,"2":1,"3":1,"4":3,"5":3,"6":1,"7":1,"8":2,"9":1,"10":1,"11":1,"12":1,"13":1,"14":1,"15":1,"16":1,"17":3,"18":3,"19":1,"20":1,"21":2,"22":2,"23":1,"24":1,"25":0,"26":0,"27":1,"28":0,"29":0,"30":1,"31":1,"32":1,"33":1,"34":1},"f":{"0":3,"1":3},"b":{"0":[1,2],"1":[3,2],"2":[1,1],"3":[1,2],"4":[3,2],"5":[1,1],"6":[0,1],"7":[1,0],"8":[0,1],"9":[1,0]}}
,"C:\\Users\\prema\\OneDrive\\Escritorio\\Conestoga\\4th Semester LOCK IN\\Open Source Programming\\clean-arch-ts\\src\\controllers\\comment.ts": {"path":"C:\\Users\\prema\\OneDrive\\Escritorio\\Conestoga\\4th Semester LOCK IN\\Open Source Programming\\clean-arch-ts\\src\\controllers\\comment.ts","statementMap":{"0":{"start":{"line":2,"column":0},"end":{"line":2,"column":null}},"1":{"start":{"line":8,"column":0},"end":{"line":8,"column":52}},"2":{"start":{"line":11,"column":26},"end":{"line":24,"column":1}},"3":{"start":{"line":12,"column":22},"end":{"line":12,"column":54}},"4":{"start":{"line":15,"column":2},"end":{"line":18,"column":3}},"5":{"start":{"line":16,"column":4},"end":{"line":16,"column":null}},"6":{"start":{"line":17,"column":4},"end":{"line":17,"column":10}},"7":{"start":{"line":21,"column":18},"end":{"line":21,"column":106}},"8":{"start":{"line":23,"column":2},"end":{"line":23,"column":null}},"9":{"start":{"line":11,"column":13},"end":{"line":11,"column":26}},"10":{"start":{"line":27,"column":33},"end":{"line":29,"column":1}},"11":{"start":{"line":28,"column":2},"end":{"line":28,"column":null}},"12":{"start":{"line":27,"column":13},"end":{"line":27,"column":33}},"13":{"start":{"line":32,"column":27},"end":{"line":57,"column":1}},"14":{"start":{"line":33,"column":19},"end":{"line":33,"column":73}},"15":{"start":{"line":34,"column":18},"end":{"line":34,"column":69}},"16":{"start":{"line":34,"column":39},"end":{"line":34,"column":68}},"17":{"start":{"line":36,"column":2},"end":{"line":39,"column":3}},"18":{"start":{"line":37,"column":4},"end":{"line":37,"column":null}},"19":{"start":{"line":38,"column":4},"end":{"line":38,"column":10}},"20":{"start":{"line":41,"column":15},"end":{"line":41,"column":24}},"21":{"start":{"line":42,"column":2},"end":{"line":45,"column":3}},"22":{"start":{"line":43,"column":4},"end":{"line":43,"column":null}},"23":{"start":{"line":44,"column":4},"end":{"line":44,"column":10}},"24":{"start":{"line":47,"column":22},"end":{"line":47,"column":54}},"25":{"start":{"line":50,"column":2},"end":{"line":53,"column":3}},"26":{"start":{"line":51,"column":4},"end":{"line":51,"column":null}},"27":{"start":{"line":52,"column":4},"end":{"line":52,"column":10}},"28":{"start":{"line":55,"column":18},"end":{"line":55,"column":65}},"29":{"start":{"line":56,"column":2},"end":{"line":56,"column":null}},"30":{"start":{"line":32,"column":13},"end":{"line":32,"column":27}},"31":{"start":{"line":60,"column":29},"end":{"line":77,"column":1}},"32":{"start":{"line":61,"column":19},"end":{"line":61,"column":73}},"33":{"start":{"line":62,"column":18},"end":{"line":62,"column":69}},"34":{"start":{"line":62,"column":39},"end":{"line":62,"column":68}},"35":{"start":{"line":64,"column":2},"end":{"line":67,"column":3}},"36":{"start":{"line":65,"column":4},"end":{"line":65,"column":null}},"37":{"start":{"line":66,"column":4},"end":{"line":66,"column":10}},"38":{"start":{"line":69,"column":15},"end":{"line":69,"column":24}},"39":{"start":{"line":70,"column":2},"end":{"line":73,"column":3}},"40":{"start":{"line":71,"column":4},"end":{"line":71,"column":null}},"41":{"start":{"line":72,"column":4},"end":{"line":72,"column":10}},"42":{"start":{"line":75,"column":2},"end":{"line":75,"column":null}},"43":{"start":{"line":76,"column":2},"end":{"line":76,"column":null}},"44":{"start":{"line":60,"column":13},"end":{"line":60,"column":29}}},"fnMap":{"0":{"name":"(anonymous_0)","decl":{"start":{"line":11,"column":26},"end":{"line":11,"column":31}},"loc":{"start":{"line":11,"column":79},"end":{"line":24,"column":1}}},"1":{"name":"(anonymous_1)","decl":{"start":{"line":27,"column":33},"end":{"line":27,"column":38}},"loc":{"start":{"line":27,"column":86},"end":{"line":29,"column":1}}},"2":{"name":"(anonymous_2)","decl":{"start":{"line":32,"column":27},"end":{"line":32,"column":32}},"loc":{"start":{"line":32,"column":80},"end":{"line":57,"column":1}}},"3":{"name":"(anonymous_3)","decl":{"start":{"line":34,"column":32},"end":{"line":34,"column":33}},"loc":{"start":{"line":34,"column":39},"end":{"line":34,"column":68}}},"4":{"name":"(anonymous_4)","decl":{"start":{"line":60,"column":29},"end":{"line":60,"column":34}},"loc":{"start":{"line":60,"column":82},"end":{"line":77,"column":1}}},"5":{"name":"(anonymous_5)","decl":{"start":{"line":62,"column":32},"end":{"line":62,"column":33}},"loc":{"start":{"line":62,"column":39},"end":{"line":62,"column":68}}}},"branchMap":{"0":{"loc":{"start":{"line":15,"column":2},"end":{"line":18,"column":3}},"type":"if","locations":[{"start":{"line":15,"column":2},"end":{"line":18,"column":3}},{"start":{},"end":{}}]},"1":{"loc":{"start":{"line":36,"column":2},"end":{"line":39,"column":3}},"type":"if","locations":[{"start":{"line":36,"column":2},"end":{"line":39,"column":3}},{"start":{},"end":{}}]},"2":{"loc":{"start":{"line":42,"column":2},"end":{"line":45,"column":3}},"type":"if","locations":[{"start":{"line":42,"column":2},"end":{"line":45,"column":3}},{"start":{},"end":{}}]},"3":{"loc":{"start":{"line":42,"column":6},"end":{"line":42,"column":88}},"type":"binary-expr","locations":[{"start":{"line":42,"column":6},"end":{"line":42,"column":34}},{"start":{"line":42,"column":38},"end":{"line":42,"column":63}},{"start":{"line":42,"column":67},"end":{"line":42,"column":88}}]},"4":{"loc":{"start":{"line":50,"column":2},"end":{"line":53,"column":3}},"type":"if","locations":[{"start":{"line":50,"column":2},"end":{"line":53,"column":3}},{"start":{},"end":{}}]},"5":{"loc":{"start":{"line":50,"column":6},"end":{"line":50,"column":33}},"type":"binary-expr","locations":[{"start":{"line":50,"column":6},"end":{"line":50,"column":14}},{"start":{"line":50,"column":18},"end":{"line":50,"column":33}}]},"6":{"loc":{"start":{"line":64,"column":2},"end":{"line":67,"column":3}},"type":"if","locations":[{"start":{"line":64,"column":2},"end":{"line":67,"column":3}},{"start":{},"end":{}}]},"7":{"loc":{"start":{"line":70,"column":2},"end":{"line":73,"column":3}},"type":"if","locations":[{"start":{"line":70,"column":2},"end":{"line":73,"column":3}},{"start":{},"end":{}}]},"8":{"loc":{"start":{"line":70,"column":6},"end":{"line":70,"column":88}},"type":"binary-expr","locations":[{"start":{"line":70,"column":6},"end":{"line":70,"column":34}},{"start":{"line":70,"column":38},"end":{"line":70,"column":63}},{"start":{"line":70,"column":67},"end":{"line":70,"column":88}}]}},"s":{"0":1,"1":1,"2":1,"3":2,"4":2,"5":1,"6":1,"7":1,"8":1,"9":1,"10":1,"11":1,"12":1,"13":1,"14":0,"15":0,"16":0,"17":0,"18":0,"19":0,"20":0,"21":0,"22":0,"23":0,"24":0,"25":0,"26":0,"27":0,"28":0,"29":0,"30":1,"31":1,"32":2,"33":2,"34":1,"35":2,"36":1,"37":1,"38":1,"39":1,"40":0,"41":0,"42":1,"43":1,"44":1},"f":{"0":2,"1":1,"2":0,"3":0,"4":2,"5":1},"b":{"0":[1,1],"1":[0,0],"2":[0,0],"3":[0,0,0],"4":[0,0],"5":[0,0],"6":[1,1],"7":[0,1],"8":[1,0,0]}}
,"C:\\Users\\prema\\OneDrive\\Escritorio\\Conestoga\\4th Semester LOCK IN\\Open Source Programming\\clean-arch-ts\\src\\controllers\\forum.ts": {"path":"C:\\Users\\prema\\OneDrive\\Escritorio\\Conestoga\\4th Semester LOCK IN\\Open Source Programming\\clean-arch-ts\\src\\controllers\\forum.ts","statementMap":{"0":{"start":{"line":2,"column":0},"end":{"line":2,"column":null}},"1":{"start":{"line":9,"column":0},"end":{"line":9,"column":59}},"2":{"start":{"line":12,"column":26},"end":{"line":25,"column":1}},"3":{"start":{"line":13,"column":29},"end":{"line":13,"column":77}},"4":{"start":{"line":16,"column":2},"end":{"line":19,"column":3}},"5":{"start":{"line":17,"column":4},"end":{"line":17,"column":null}},"6":{"start":{"line":18,"column":4},"end":{"line":18,"column":10}},"7":{"start":{"line":22,"column":15},"end":{"line":22,"column":77}},"8":{"start":{"line":24,"column":2},"end":{"line":24,"column":null}},"9":{"start":{"line":12,"column":13},"end":{"line":12,"column":26}},"10":{"start":{"line":28,"column":24},"end":{"line":30,"column":1}},"11":{"start":{"line":29,"column":2},"end":{"line":29,"column":null}},"12":{"start":{"line":28,"column":13},"end":{"line":28,"column":24}},"13":{"start":{"line":33,"column":26},"end":{"line":49,"column":1}},"14":{"start":{"line":34,"column":15},"end":{"line":34,"column":58}},"15":{"start":{"line":36,"column":2},"end":{"line":39,"column":3}},"16":{"start":{"line":37,"column":4},"end":{"line":37,"column":null}},"17":{"start":{"line":38,"column":4},"end":{"line":38,"column":10}},"18":{"start":{"line":41,"column":15},"end":{"line":41,"column":24}},"19":{"start":{"line":42,"column":2},"end":{"line":45,"column":3}},"20":{"start":{"line":43,"column":4},"end":{"line":43,"column":null}},"21":{"start":{"line":44,"column":4},"end":{"line":44,"column":10}},"22":{"start":{"line":47,"column":2},"end":{"line":47,"column":null}},"23":{"start":{"line":48,"column":2},"end":{"line":48,"column":null}},"24":{"start":{"line":33,"column":13},"end":{"line":33,"column":26}},"25":{"start":{"line":52,"column":24},"end":{"line":82,"column":1}},"26":{"start":{"line":53,"column":15},"end":{"line":53,"column":58}},"27":{"start":{"line":55,"column":2},"end":{"line":58,"column":3}},"28":{"start":{"line":56,"column":4},"end":{"line":56,"column":null}},"29":{"start":{"line":57,"column":4},"end":{"line":57,"column":10}},"30":{"start":{"line":60,"column":15},"end":{"line":60,"column":24}},"31":{"start":{"line":61,"column":2},"end":{"line":64,"column":3}},"32":{"start":{"line":62,"column":4},"end":{"line":62,"column":null}},"33":{"start":{"line":63,"column":4},"end":{"line":63,"column":10}},"34":{"start":{"line":66,"column":29},"end":{"line":66,"column":77}},"35":{"start":{"line":69,"column":2},"end":{"line":72,"column":3}},"36":{"start":{"line":70,"column":4},"end":{"line":70,"column":null}},"37":{"start":{"line":71,"column":4},"end":{"line":71,"column":10}},"38":{"start":{"line":75,"column":2},"end":{"line":78,"column":3}},"39":{"start":{"line":76,"column":4},"end":{"line":76,"column":null}},"40":{"start":{"line":77,"column":4},"end":{"line":77,"column":10}},"41":{"start":{"line":80,"column":18},"end":{"line":80,"column":73}},"42":{"start":{"line":81,"column":2},"end":{"line":81,"column":null}},"43":{"start":{"line":52,"column":13},"end":{"line":52,"column":24}}},"fnMap":{"0":{"name":"(anonymous_0)","decl":{"start":{"line":12,"column":26},"end":{"line":12,"column":31}},"loc":{"start":{"line":12,"column":79},"end":{"line":25,"column":1}}},"1":{"name":"(anonymous_1)","decl":{"start":{"line":28,"column":24},"end":{"line":28,"column":29}},"loc":{"start":{"line":28,"column":78},"end":{"line":30,"column":1}}},"2":{"name":"(anonymous_2)","decl":{"start":{"line":33,"column":26},"end":{"line":33,"column":31}},"loc":{"start":{"line":33,"column":79},"end":{"line":49,"column":1}}},"3":{"name":"(anonymous_3)","decl":{"start":{"line":52,"column":24},"end":{"line":52,"column":29}},"loc":{"start":{"line":52,"column":77},"end":{"line":82,"column":1}}}},"branchMap":{"0":{"loc":{"start":{"line":16,"column":2},"end":{"line":19,"column":3}},"type":"if","locations":[{"start":{"line":16,"column":2},"end":{"line":19,"column":3}},{"start":{},"end":{}}]},"1":{"loc":{"start":{"line":16,"column":6},"end":{"line":16,"column":24}},"type":"binary-expr","locations":[{"start":{"line":16,"column":6},"end":{"line":16,"column":12}},{"start":{"line":16,"column":16},"end":{"line":16,"column":24}}]},"2":{"loc":{"start":{"line":36,"column":2},"end":{"line":39,"column":3}},"type":"if","locations":[{"start":{"line":36,"column":2},"end":{"line":39,"column":3}},{"start":{},"end":{}}]},"3":{"loc":{"start":{"line":42,"column":2},"end":{"line":45,"column":3}},"type":"if","locations":[{"start":{"line":42,"column":2},"end":{"line":45,"column":3}},{"start":{},"end":{}}]},"4":{"loc":{"start":{"line":42,"column":6},"end":{"line":42,"column":85}},"type":"binary-expr","locations":[{"start":{"line":42,"column":6},"end":{"line":42,"column":31}},{"start":{"line":42,"column":35},"end":{"line":42,"column":60}},{"start":{"line":42,"column":64},"end":{"line":42,"column":85}}]},"5":{"loc":{"start":{"line":55,"column":2},"end":{"line":58,"column":3}},"type":"if","locations":[{"start":{"line":55,"column":2},"end":{"line":58,"column":3}},{"start":{},"end":{}}]},"6":{"loc":{"start":{"line":61,"column":2},"end":{"line":64,"column":3}},"type":"if","locations":[{"start":{"line":61,"column":2},"end":{"line":64,"column":3}},{"start":{},"end":{}}]},"7":{"loc":{"start":{"line":61,"column":6},"end":{"line":61,"column":85}},"type":"binary-expr","locations":[{"start":{"line":61,"column":6},"end":{"line":61,"column":31}},{"start":{"line":61,"column":35},"end":{"line":61,"column":60}},{"start":{"line":61,"column":64},"end":{"line":61,"column":85}}]},"8":{"loc":{"start":{"line":69,"column":2},"end":{"line":72,"column":3}},"type":"if","locations":[{"start":{"line":69,"column":2},"end":{"line":72,"column":3}},{"start":{},"end":{}}]},"9":{"loc":{"start":{"line":69,"column":6},"end":{"line":69,"column":24}},"type":"binary-expr","locations":[{"start":{"line":69,"column":6},"end":{"line":69,"column":12}},{"start":{"line":69,"column":16},"end":{"line":69,"column":24}}]},"10":{"loc":{"start":{"line":75,"column":2},"end":{"line":78,"column":3}},"type":"if","locations":[{"start":{"line":75,"column":2},"end":{"line":78,"column":3}},{"start":{},"end":{}}]},"11":{"loc":{"start":{"line":75,"column":6},"end":{"line":75,"column":38}},"type":"binary-expr","locations":[{"start":{"line":75,"column":6},"end":{"line":75,"column":19}},{"start":{"line":75,"column":23},"end":{"line":75,"column":38}}]}},"s":{"0":1,"1":1,"2":1,"3":2,"4":2,"5":1,"6":1,"7":1,"8":1,"9":1,"10":1,"11":1,"12":1,"13":1,"14":2,"15":2,"16":1,"17":1,"18":1,"19":1,"20":0,"21":0,"22":1,"23":1,"24":1,"25":1,"26":0,"27":0,"28":0,"29":0,"30":0,"31":0,"32":0,"33":0,"34":0,"35":0,"36":0,"37":0,"38":0,"39":0,"40":0,"41":0,"42":0,"43":1},"f":{"0":2,"1":1,"2":2,"3":0},"b":{"0":[1,1],"1":[2,1],"2":[1,1],"3":[0,1],"4":[1,0,0],"5":[0,0],"6":[0,0],"7":[0,0,0],"8":[0,0],"9":[0,0],"10":[0,0],"11":[0,0]}}
,"C:\\Users\\prema\\OneDrive\\Escritorio\\Conestoga\\4th Semester LOCK IN\\Open Source Programming\\clean-arch-ts\\src\\controllers\\like.ts": {"path":"C:\\Users\\prema\\OneDrive\\Escritorio\\Conestoga\\4th Semester LOCK IN\\Open Source Programming\\clean-arch-ts\\src\\controllers\\like.ts","statementMap":{"0":{"start":{"line":2,"column":0},"end":{"line":2,"column":92}},"1":{"start":{"line":3,"column":0},"end":{"line":3,"column":102}},"2":{"start":{"line":4,"column":0},"end":{"line":4,"column":46}},"3":{"start":{"line":7,"column":24},"end":{"line":31,"column":1}},"4":{"start":{"line":8,"column":17},"end":{"line":8,"column":44}},"5":{"start":{"line":9,"column":17},"end":{"line":9,"column":29}},"6":{"start":{"line":13,"column":15},"end":{"line":13,"column":41}},"7":{"start":{"line":14,"column":2},"end":{"line":17,"column":3}},"8":{"start":{"line":15,"column":4},"end":{"line":15,"column":null}},"9":{"start":{"line":16,"column":4},"end":{"line":16,"column":10}},"10":{"start":{"line":20,"column":2},"end":{"line":23,"column":3}},"11":{"start":{"line":21,"column":4},"end":{"line":21,"column":null}},"12":{"start":{"line":22,"column":4},"end":{"line":22,"column":10}},"13":{"start":{"line":26,"column":15},"end":{"line":26,"column":41}},"14":{"start":{"line":27,"column":2},"end":{"line":27,"column":null}},"15":{"start":{"line":28,"column":2},"end":{"line":28,"column":null}},"16":{"start":{"line":30,"column":2},"end":{"line":30,"column":null}},"17":{"start":{"line":7,"column":13},"end":{"line":7,"column":24}}},"fnMap":{"0":{"name":"(anonymous_0)","decl":{"start":{"line":7,"column":24},"end":{"line":7,"column":29}},"loc":{"start":{"line":7,"column":77},"end":{"line":31,"column":1}}}},"branchMap":{"0":{"loc":{"start":{"line":14,"column":2},"end":{"line":17,"column":3}},"type":"if","locations":[{"start":{"line":14,"column":2},"end":{"line":17,"column":3}},{"start":{},"end":{}}]},"1":{"loc":{"start":{"line":20,"column":2},"end":{"line":23,"column":3}},"type":"if","locations":[{"start":{"line":20,"column":2},"end":{"line":23,"column":3}},{"start":{},"end":{}}]}},"s":{"0":1,"1":1,"2":1,"3":1,"4":3,"5":3,"6":3,"7":3,"8":1,"9":1,"10":2,"11":1,"12":1,"13":1,"14":1,"15":1,"16":1,"17":1},"f":{"0":3},"b":{"0":[1,2],"1":[1,1]}}
,"C:\\Users\\prema\\OneDrive\\Escritorio\\Conestoga\\4th Semester LOCK IN\\Open Source Programming\\clean-arch-ts\\src\\domain\\comment.ts": {"path":"C:\\Users\\prema\\OneDrive\\Escritorio\\Conestoga\\4th Semester LOCK IN\\Open Source Programming\\clean-arch-ts\\src\\domain\\comment.ts","statementMap":{"0":{"start":{"line":13,"column":0},"end":{"line":13,"column":16}},"1":{"start":{"line":15,"column":2},"end":{"line":15,"column":null}},"2":{"start":{"line":15,"column":35},"end":{"line":15,"column":null}},"3":{"start":{"line":17,"column":2},"end":{"line":17,"column":null}}},"fnMap":{"0":{"name":"createComment","decl":{"start":{"line":13,"column":16},"end":{"line":13,"column":29}},"loc":{"start":{"line":13,"column":91},"end":{"line":18,"column":1}}}},"branchMap":{"0":{"loc":{"start":{"line":15,"column":2},"end":{"line":15,"column":null}},"type":"if","locations":[{"start":{"line":15,"column":2},"end":{"line":15,"column":null}},{"start":{},"end":{}}]},"1":{"loc":{"start":{"line":15,"column":6},"end":{"line":15,"column":33}},"type":"binary-expr","locations":[{"start":{"line":15,"column":6},"end":{"line":15,"column":14}},{"start":{"line":15,"column":18},"end":{"line":15,"column":33}}]}},"s":{"0":2,"1":3,"2":1,"3":2},"f":{"0":3},"b":{"0":[1,2],"1":[3,2]}}
,"C:\\Users\\prema\\OneDrive\\Escritorio\\Conestoga\\4th Semester LOCK IN\\Open Source Programming\\clean-arch-ts\\src\\domain\\like.ts": {"path":"C:\\Users\\prema\\OneDrive\\Escritorio\\Conestoga\\4th Semester LOCK IN\\Open Source Programming\\clean-arch-ts\\src\\domain\\like.ts","statementMap":{"0":{"start":{"line":10,"column":0},"end":{"line":10,"column":16}},"1":{"start":{"line":11,"column":2},"end":{"line":11,"column":null}},"2":{"start":{"line":11,"column":15},"end":{"line":11,"column":null}},"3":{"start":{"line":12,"column":2},"end":{"line":12,"column":null}},"4":{"start":{"line":12,"column":15},"end":{"line":12,"column":null}},"5":{"start":{"line":13,"column":2},"end":{"line":13,"column":null}}},"fnMap":{"0":{"name":"createLike","decl":{"start":{"line":10,"column":16},"end":{"line":10,"column":26}},"loc":{"start":{"line":10,"column":57},"end":{"line":14,"column":1}}}},"branchMap":{"0":{"loc":{"start":{"line":11,"column":2},"end":{"line":11,"column":null}},"type":"if","locations":[{"start":{"line":11,"column":2},"end":{"line":11,"column":null}},{"start":{},"end":{}}]},"1":{"loc":{"start":{"line":12,"column":2},"end":{"line":12,"column":null}},"type":"if","locations":[{"start":{"line":12,"column":2},"end":{"line":12,"column":null}},{"start":{},"end":{}}]}},"s":{"0":2,"1":3,"2":1,"3":2,"4":0,"5":2},"f":{"0":3},"b":{"0":[1,2],"1":[0,2]}}
,"C:\\Users\\prema\\OneDrive\\Escritorio\\Conestoga\\4th Semester LOCK IN\\Open Source Programming\\clean-arch-ts\\src\\domain\\post.ts": {"path":"C:\\Users\\prema\\OneDrive\\Escritorio\\Conestoga\\4th Semester LOCK IN\\Open Source Programming\\clean-arch-ts\\src\\domain\\post.ts","statementMap":{"0":{"start":{"line":14,"column":0},"end":{"line":14,"column":16}},"1":{"start":{"line":16,"column":2},"end":{"line":16,"column":null}},"2":{"start":{"line":16,"column":31},"end":{"line":16,"column":null}},"3":{"start":{"line":19,"column":2},"end":{"line":19,"column":null}},"4":{"start":{"line":19,"column":35},"end":{"line":19,"column":null}},"5":{"start":{"line":21,"column":2},"end":{"line":28,"column":null}}},"fnMap":{"0":{"name":"createPost","decl":{"start":{"line":14,"column":16},"end":{"line":14,"column":26}},"loc":{"start":{"line":14,"column":87},"end":{"line":29,"column":1}}}},"branchMap":{"0":{"loc":{"start":{"line":16,"column":2},"end":{"line":16,"column":null}},"type":"if","locations":[{"start":{"line":16,"column":2},"end":{"line":16,"column":null}},{"start":{},"end":{}}]},"1":{"loc":{"start":{"line":16,"column":6},"end":{"line":16,"column":29}},"type":"binary-expr","locations":[{"start":{"line":16,"column":6},"end":{"line":16,"column":12}},{"start":{"line":16,"column":16},"end":{"line":16,"column":29}}]},"2":{"loc":{"start":{"line":19,"column":2},"end":{"line":19,"column":null}},"type":"if","locations":[{"start":{"line":19,"column":2},"end":{"line":19,"column":null}},{"start":{},"end":{}}]},"3":{"loc":{"start":{"line":19,"column":6},"end":{"line":19,"column":33}},"type":"binary-expr","locations":[{"start":{"line":19,"column":6},"end":{"line":19,"column":14}},{"start":{"line":19,"column":18},"end":{"line":19,"column":33}}]}},"s":{"0":2,"1":4,"2":1,"3":3,"4":1,"5":2},"f":{"0":4},"b":{"0":[1,3],"1":[4,3],"2":[1,2],"3":[3,2]}}
,"C:\\Users\\prema\\OneDrive\\Escritorio\\Conestoga\\4th Semester LOCK IN\\Open Source Programming\\clean-arch-ts\\src\\domain\\user.ts": {"path":"C:\\Users\\prema\\OneDrive\\Escritorio\\Conestoga\\4th Semester LOCK IN\\Open Source Programming\\clean-arch-ts\\src\\domain\\user.ts","statementMap":{"0":{"start":{"line":27,"column":0},"end":{"line":27,"column":16}},"1":{"start":{"line":42,"column":0},"end":{"line":42,"column":16}},"2":{"start":{"line":29,"column":2},"end":{"line":29,"column":null}},"3":{"start":{"line":29,"column":37},"end":{"line":29,"column":null}},"4":{"start":{"line":32,"column":2},"end":{"line":32,"column":null}},"5":{"start":{"line":32,"column":40},"end":{"line":32,"column":null}},"6":{"start":{"line":35,"column":2},"end":{"line":35,"column":null}},"7":{"start":{"line":43,"column":2},"end":{"line":43,"column":null}}},"fnMap":{"0":{"name":"createUser","decl":{"start":{"line":27,"column":16},"end":{"line":27,"column":26}},"loc":{"start":{"line":27,"column":94},"end":{"line":36,"column":1}}},"1":{"name":"isValidStatus","decl":{"start":{"line":42,"column":16},"end":{"line":42,"column":29}},"loc":{"start":{"line":42,"column":43},"end":{"line":44,"column":1}}}},"branchMap":{"0":{"loc":{"start":{"line":27,"column":75},"end":{"line":27,"column":94}},"type":"default-arg","locations":[{"start":{"line":27,"column":88},"end":{"line":27,"column":94}}]},"1":{"loc":{"start":{"line":29,"column":2},"end":{"line":29,"column":null}},"type":"if","locations":[{"start":{"line":29,"column":2},"end":{"line":29,"column":null}},{"start":{},"end":{}}]},"2":{"loc":{"start":{"line":29,"column":6},"end":{"line":29,"column":35}},"type":"binary-expr","locations":[{"start":{"line":29,"column":6},"end":{"line":29,"column":15}},{"start":{"line":29,"column":19},"end":{"line":29,"column":35}}]},"3":{"loc":{"start":{"line":32,"column":2},"end":{"line":32,"column":null}},"type":"if","locations":[{"start":{"line":32,"column":2},"end":{"line":32,"column":null}},{"start":{},"end":{}}]},"4":{"loc":{"start":{"line":32,"column":6},"end":{"line":32,"column":38}},"type":"binary-expr","locations":[{"start":{"line":32,"column":6},"end":{"line":32,"column":15}},{"start":{"line":32,"column":19},"end":{"line":32,"column":38}}]},"5":{"loc":{"start":{"line":43,"column":9},"end":{"line":43,"column":73}},"type":"binary-expr","locations":[{"start":{"line":43,"column":9},"end":{"line":43,"column":27}},{"start":{"line":43,"column":31},"end":{"line":43,"column":50}},{"start":{"line":43,"column":54},"end":{"line":43,"column":73}}]}},"s":{"0":3,"1":3,"2":4,"3":1,"4":3,"5":1,"6":2,"7":7},"f":{"0":4,"1":7},"b":{"0":[4],"1":[1,3],"2":[4,3],"3":[1,2],"4":[3,3],"5":[7,6,3]}}
,"C:\\Users\\prema\\OneDrive\\Escritorio\\Conestoga\\4th Semester LOCK IN\\Open Source Programming\\clean-arch-ts\\src\\middleware\\authenticate.ts": {"path":"C:\\Users\\prema\\OneDrive\\Escritorio\\Conestoga\\4th Semester LOCK IN\\Open Source Programming\\clean-arch-ts\\src\\middleware\\authenticate.ts","statementMap":{"0":{"start":{"line":2,"column":0},"end":{"line":2,"column":55}},"1":{"start":{"line":17,"column":28},"end":{"line":35,"column":1}},"2":{"start":{"line":18,"column":21},"end":{"line":18,"column":46}},"3":{"start":{"line":20,"column":2},"end":{"line":23,"column":3}},"4":{"start":{"line":21,"column":4},"end":{"line":21,"column":null}},"5":{"start":{"line":22,"column":4},"end":{"line":22,"column":10}},"6":{"start":{"line":25,"column":16},"end":{"line":25,"column":35}},"7":{"start":{"line":26,"column":18},"end":{"line":26,"column":36}},"8":{"start":{"line":28,"column":2},"end":{"line":31,"column":3}},"9":{"start":{"line":29,"column":4},"end":{"line":29,"column":null}},"10":{"start":{"line":30,"column":4},"end":{"line":30,"column":10}},"11":{"start":{"line":33,"column":2},"end":{"line":33,"column":21}},"12":{"start":{"line":34,"column":2},"end":{"line":34,"column":null}},"13":{"start":{"line":17,"column":13},"end":{"line":17,"column":28}}},"fnMap":{"0":{"name":"(anonymous_0)","decl":{"start":{"line":17,"column":28},"end":{"line":17,"column":29}},"loc":{"start":{"line":17,"column":86},"end":{"line":35,"column":1}}}},"branchMap":{"0":{"loc":{"start":{"line":20,"column":2},"end":{"line":23,"column":3}},"type":"if","locations":[{"start":{"line":20,"column":2},"end":{"line":23,"column":3}},{"start":{},"end":{}}]},"1":{"loc":{"start":{"line":28,"column":2},"end":{"line":31,"column":3}},"type":"if","locations":[{"start":{"line":28,"column":2},"end":{"line":31,"column":3}},{"start":{},"end":{}}]}},"s":{"0":1,"1":1,"2":2,"3":2,"4":1,"5":1,"6":1,"7":1,"8":1,"9":0,"10":0,"11":1,"12":1,"13":1},"f":{"0":2},"b":{"0":[1,1],"1":[0,1]}}
,"C:\\Users\\prema\\OneDrive\\Escritorio\\Conestoga\\4th Semester LOCK IN\\Open Source Programming\\clean-arch-ts\\src\\middleware\\jwt.ts": {"path":"C:\\Users\\prema\\OneDrive\\Escritorio\\Conestoga\\4th Semester LOCK IN\\Open Source Programming\\clean-arch-ts\\src\\middleware\\jwt.ts","statementMap":{"0":{"start":{"line":1,"column":0},"end":{"line":1,"column":35}},"1":{"start":{"line":2,"column":0},"end":{"line":2,"column":44}},"2":{"start":{"line":12,"column":20},"end":{"line":13,"column":95}},"3":{"start":{"line":13,"column":2},"end":{"line":13,"column":95}},"4":{"start":{"line":16,"column":22},"end":{"line":17,"column":77}},"5":{"start":{"line":17,"column":2},"end":{"line":17,"column":77}},"6":{"start":{"line":20,"column":13},"end":{"line":21,"column":73}},"7":{"start":{"line":21,"column":2},"end":{"line":21,"column":73}},"8":{"start":{"line":24,"column":27},"end":{"line":29,"column":1}},"9":{"start":{"line":25,"column":17},"end":{"line":25,"column":74}},"10":{"start":{"line":26,"column":15},"end":{"line":26,"column":51}},"11":{"start":{"line":27,"column":20},"end":{"line":27,"column":45}},"12":{"start":{"line":28,"column":2},"end":{"line":28,"column":null}},"13":{"start":{"line":24,"column":13},"end":{"line":24,"column":27}},"14":{"start":{"line":32,"column":27},"end":{"line":47,"column":1}},"15":{"start":{"line":33,"column":16},"end":{"line":33,"column":32}},"16":{"start":{"line":34,"column":2},"end":{"line":34,"column":null}},"17":{"start":{"line":34,"column":26},"end":{"line":34,"column":null}},"18":{"start":{"line":36,"column":36},"end":{"line":36,"column":69}},"19":{"start":{"line":37,"column":19},"end":{"line":37,"column":44}},"20":{"start":{"line":40,"column":2},"end":{"line":40,"column":null}},"21":{"start":{"line":40,"column":30},"end":{"line":40,"column":null}},"22":{"start":{"line":42,"column":2},"end":{"line":46,"column":3}},"23":{"start":{"line":43,"column":4},"end":{"line":43,"column":null}},"24":{"start":{"line":45,"column":4},"end":{"line":45,"column":null}},"25":{"start":{"line":32,"column":13},"end":{"line":32,"column":27}}},"fnMap":{"0":{"name":"(anonymous_0)","decl":{"start":{"line":12,"column":20},"end":{"line":12,"column":21}},"loc":{"start":{"line":13,"column":2},"end":{"line":13,"column":95}}},"1":{"name":"(anonymous_1)","decl":{"start":{"line":16,"column":22},"end":{"line":16,"column":23}},"loc":{"start":{"line":17,"column":2},"end":{"line":17,"column":77}}},"2":{"name":"(anonymous_2)","decl":{"start":{"line":20,"column":13},"end":{"line":20,"column":14}},"loc":{"start":{"line":21,"column":2},"end":{"line":21,"column":73}}},"3":{"name":"(anonymous_3)","decl":{"start":{"line":24,"column":27},"end":{"line":24,"column":28}},"loc":{"start":{"line":24,"column":59},"end":{"line":29,"column":1}}},"4":{"name":"(anonymous_4)","decl":{"start":{"line":32,"column":27},"end":{"line":32,"column":28}},"loc":{"start":{"line":32,"column":64},"end":{"line":47,"column":1}}}},"branchMap":{"0":{"loc":{"start":{"line":34,"column":2},"end":{"line":34,"column":null}},"type":"if","locations":[{"start":{"line":34,"column":2},"end":{"line":34,"column":null}},{"start":{},"end":{}}]},"1":{"loc":{"start":{"line":40,"column":2},"end":{"line":40,"column":null}},"type":"if","locations":[{"start":{"line":40,"column":2},"end":{"line":40,"column":null}},{"start":{},"end":{}}]}},"s":{"0":3,"1":3,"2":3,"3":10,"4":3,"5":2,"6":3,"7":8,"8":3,"9":5,"10":5,"11":5,"12":5,"13":3,"14":3,"15":4,"16":4,"17":1,"18":3,"19":3,"20":3,"21":1,"22":2,"23":2,"24":0,"25":3},"f":{"0":10,"1":2,"2":8,"3":5,"4":4},"b":{"0":[1,3],"1":[1,2]}}
,"C:\\Users\\prema\\OneDrive\\Escritorio\\Conestoga\\4th Semester LOCK IN\\Open Source Programming\\clean-arch-ts\\src\\middleware\\requireRole.ts": {"path":"C:\\Users\\prema\\OneDrive\\Escritorio\\Conestoga\\4th Semester LOCK IN\\Open Source Programming\\clean-arch-ts\\src\\middleware\\requireRole.ts","statementMap":{"0":{"start":{"line":10,"column":27},"end":{"line":20,"column":3}},"1":{"start":{"line":11,"column":2},"end":{"line":20,"column":3}},"2":{"start":{"line":12,"column":21},"end":{"line":12,"column":55}},"3":{"start":{"line":14,"column":4},"end":{"line":17,"column":5}},"4":{"start":{"line":15,"column":6},"end":{"line":15,"column":null}},"5":{"start":{"line":16,"column":6},"end":{"line":16,"column":12}},"6":{"start":{"line":19,"column":4},"end":{"line":19,"column":null}},"7":{"start":{"line":10,"column":13},"end":{"line":10,"column":27}}},"fnMap":{"0":{"name":"(anonymous_0)","decl":{"start":{"line":10,"column":27},"end":{"line":10,"column":28}},"loc":{"start":{"line":11,"column":2},"end":{"line":20,"column":3}}},"1":{"name":"(anonymous_1)","decl":{"start":{"line":11,"column":2},"end":{"line":11,"column":3}},"loc":{"start":{"line":11,"column":60},"end":{"line":20,"column":3}}}},"branchMap":{"0":{"loc":{"start":{"line":14,"column":4},"end":{"line":17,"column":5}},"type":"if","locations":[{"start":{"line":14,"column":4},"end":{"line":17,"column":5}},{"start":{},"end":{}}]},"1":{"loc":{"start":{"line":14,"column":8},"end":{"line":14,"column":46}},"type":"binary-expr","locations":[{"start":{"line":14,"column":8},"end":{"line":14,"column":17}},{"start":{"line":14,"column":21},"end":{"line":14,"column":46}}]}},"s":{"0":1,"1":2,"2":2,"3":2,"4":1,"5":1,"6":1,"7":1},"f":{"0":2,"1":2},"b":{"0":[1,1],"1":[2,2]}}
,"C:\\Users\\prema\\OneDrive\\Escritorio\\Conestoga\\4th Semester LOCK IN\\Open Source Programming\\clean-arch-ts\\src\\ports\\rest\\routes\\admin.routes.ts": {"path":"C:\\Users\\prema\\OneDrive\\Escritorio\\Conestoga\\4th Semester LOCK IN\\Open Source Programming\\clean-arch-ts\\src\\ports\\rest\\routes\\admin.routes.ts","statementMap":{"0":{"start":{"line":1,"column":0},"end":{"line":1,"column":32}},"1":{"start":{"line":2,"column":0},"end":{"line":2,"column":122}},"2":{"start":{"line":3,"column":0},"end":{"line":3,"column":66}},"3":{"start":{"line":4,"column":0},"end":{"line":4,"column":64}},"4":{"start":{"line":7,"column":15},"end":{"line":7,"column":23}},"5":{"start":{"line":10,"column":0},"end":{"line":10,"column":null}},"6":{"start":{"line":13,"column":0},"end":{"line":13,"column":null}},"7":{"start":{"line":16,"column":0},"end":{"line":16,"column":null}},"8":{"start":{"line":19,"column":0},"end":{"line":19,"column":null}},"9":{"start":{"line":22,"column":0},"end":{"line":22,"column":null}},"10":{"start":{"line":24,"column":0},"end":{"line":24,"column":null}}},"fnMap":{},"branchMap":{},"s":{"0":0,"1":0,"2":0,"3":0,"4":0,"5":0,"6":0,"7":0,"8":0,"9":0,"10":0},"f":{},"b":{}}
,"C:\\Users\\prema\\OneDrive\\Escritorio\\Conestoga\\4th Semester LOCK IN\\Open Source Programming\\clean-arch-ts\\src\\ports\\rest\\routes\\auth.routes.ts": {"path":"C:\\Users\\prema\\OneDrive\\Escritorio\\Conestoga\\4th Semester LOCK IN\\Open Source Programming\\clean-arch-ts\\src\\ports\\rest\\routes\\auth.routes.ts","statementMap":{"0":{"start":{"line":1,"column":0},"end":{"line":1,"column":32}},"1":{"start":{"line":2,"column":0},"end":{"line":2,"column":62}},"2":{"start":{"line":5,"column":15},"end":{"line":5,"column":23}},"3":{"start":{"line":8,"column":0},"end":{"line":8,"column":null}},"4":{"start":{"line":11,"column":0},"end":{"line":11,"column":null}},"5":{"start":{"line":13,"column":0},"end":{"line":13,"column":null}}},"fnMap":{},"branchMap":{},"s":{"0":0,"1":0,"2":0,"3":0,"4":0,"5":0},"f":{},"b":{}}
,"C:\\Users\\prema\\OneDrive\\Escritorio\\Conestoga\\4th Semester LOCK IN\\Open Source Programming\\clean-arch-ts\\src\\ports\\rest\\routes\\posts.routes.ts": {"path":"C:\\Users\\prema\\OneDrive\\Escritorio\\Conestoga\\4th Semester LOCK IN\\Open Source Programming\\clean-arch-ts\\src\\ports\\rest\\routes\\posts.routes.ts","statementMap":{"0":{"start":{"line":1,"column":0},"end":{"line":1,"column":32}},"1":{"start":{"line":2,"column":0},"end":{"line":2,"column":90}},"2":{"start":{"line":3,"column":0},"end":{"line":3,"column":107}},"3":{"start":{"line":4,"column":0},"end":{"line":4,"column":55}},"4":{"start":{"line":5,"column":0},"end":{"line":5,"column":66}},"5":{"start":{"line":8,"column":15},"end":{"line":8,"column":23}},"6":{"start":{"line":13,"column":0},"end":{"line":13,"column":null}},"7":{"start":{"line":16,"column":0},"end":{"line":16,"column":null}},"8":{"start":{"line":19,"column":0},"end":{"line":19,"column":null}},"9":{"start":{"line":22,"column":0},"end":{"line":22,"column":null}},"10":{"start":{"line":27,"column":0},"end":{"line":27,"column":null}},"11":{"start":{"line":30,"column":0},"end":{"line":30,"column":null}},"12":{"start":{"line":33,"column":0},"end":{"line":33,"column":null}},"13":{"start":{"line":36,"column":0},"end":{"line":36,"column":null}},"14":{"start":{"line":41,"column":0},"end":{"line":41,"column":null}},"15":{"start":{"line":43,"column":0},"end":{"line":43,"column":null}}},"fnMap":{},"branchMap":{},"s":{"0":0,"1":0,"2":0,"3":0,"4":0,"5":0,"6":0,"7":0,"8":0,"9":0,"10":0,"11":0,"12":0,"13":0,"14":0,"15":0},"f":{},"b":{}}
}
