TN:
SF:src\controllers\admin.ts
FN:9,(anonymous_0)
FN:14,(anonymous_1)
FN:19,(anonymous_2)
FN:34,(anonymous_3)
FN:45,(anonymous_4)
FNF:5
FNH:3
FNDA:1,(anonymous_0)
FNDA:0,(anonymous_1)
FNDA:2,(anonymous_2)
FNDA:0,(anonymous_3)
FNDA:3,(anonymous_4)
DA:2,1
DA:3,1
DA:4,1
DA:5,1
DA:6,1
DA:9,1
DA:10,1
DA:14,1
DA:15,0
DA:19,1
DA:21,2
DA:23,2
DA:24,2
DA:25,1
DA:26,1
DA:29,1
DA:30,1
DA:34,1
DA:35,0
DA:36,0
DA:37,0
DA:45,1
DA:46,3
DA:47,3
DA:50,3
DA:51,0
DA:52,0
DA:56,3
DA:57,1
DA:58,1
DA:62,2
DA:63,2
DA:64,0
DA:65,0
DA:69,2
DA:70,1
DA:71,1
DA:75,1
DA:76,0
DA:77,0
DA:80,1
DA:81,1
LF:42
LH:32
BRDA:24,0,0,1
BRDA:24,0,1,1
BRDA:50,1,0,0
BRDA:50,1,1,3
BRDA:56,2,0,1
BRDA:56,2,1,2
BRDA:63,3,0,0
BRDA:63,3,1,2
BRDA:69,4,0,1
BRDA:69,4,1,1
BRDA:75,5,0,0
BRDA:75,5,1,1
BRDA:75,6,0,1
BRDA:75,6,1,0
BRF:14
BRH:10
end_of_record
TN:
SF:src\controllers\auth.ts
FN:7,(anonymous_0)
FN:32,(anonymous_1)
FNF:2
FNH:2
FNDA:3,(anonymous_0)
FNDA:3,(anonymous_1)
DA:2,1
DA:3,1
DA:4,1
DA:7,1
DA:8,3
DA:11,3
DA:12,1
DA:13,1
DA:17,2
DA:18,1
DA:19,1
DA:23,1
DA:25,1
DA:26,1
DA:28,1
DA:32,1
DA:33,3
DA:36,3
DA:37,1
DA:38,1
DA:43,2
DA:45,2
DA:47,1
DA:49,1
DA:50,0
DA:51,0
DA:54,1
DA:55,0
DA:56,0
DA:60,1
DA:61,1
DA:64,1
DA:65,1
LF:33
LH:29
BRDA:11,0,0,1
BRDA:11,0,1,2
BRDA:11,1,0,3
BRDA:11,1,1,2
BRDA:17,2,0,1
BRDA:17,2,1,1
BRDA:36,3,0,1
BRDA:36,3,1,2
BRDA:36,4,0,3
BRDA:36,4,1,2
BRDA:45,5,0,1
BRDA:45,5,1,1
BRDA:49,6,0,0
BRDA:49,6,1,1
BRDA:49,7,0,1
BRDA:49,7,1,0
BRDA:54,8,0,0
BRDA:54,8,1,1
BRDA:54,9,0,1
BRDA:54,9,1,0
BRF:20
BRH:16
end_of_record
TN:
SF:src\controllers\comment.ts
FN:11,(anonymous_0)
FN:27,(anonymous_1)
FN:32,(anonymous_2)
FN:34,(anonymous_3)
FN:60,(anonymous_4)
FN:62,(anonymous_5)
FNF:6
FNH:4
FNDA:2,(anonymous_0)
FNDA:1,(anonymous_1)
FNDA:0,(anonymous_2)
FNDA:0,(anonymous_3)
FNDA:2,(anonymous_4)
FNDA:1,(anonymous_5)
DA:2,1
DA:8,1
DA:11,1
DA:12,2
DA:15,2
DA:16,1
DA:17,1
DA:21,1
DA:23,1
DA:27,1
DA:28,1
DA:32,1
DA:33,0
DA:34,0
DA:36,0
DA:37,0
DA:38,0
DA:41,0
DA:42,0
DA:43,0
DA:44,0
DA:47,0
DA:50,0
DA:51,0
DA:52,0
DA:55,0
DA:56,0
DA:60,1
DA:61,2
DA:62,2
DA:64,2
DA:65,1
DA:66,1
DA:69,1
DA:70,1
DA:71,0
DA:72,0
DA:75,1
DA:76,1
LF:39
LH:22
BRDA:15,0,0,1
BRDA:15,0,1,1
BRDA:36,1,0,0
BRDA:36,1,1,0
BRDA:42,2,0,0
BRDA:42,2,1,0
BRDA:42,3,0,0
BRDA:42,3,1,0
BRDA:42,3,2,0
BRDA:50,4,0,0
BRDA:50,4,1,0
BRDA:50,5,0,0
BRDA:50,5,1,0
BRDA:64,6,0,1
BRDA:64,6,1,1
BRDA:70,7,0,0
BRDA:70,7,1,1
BRDA:70,8,0,1
BRDA:70,8,1,0
BRDA:70,8,2,0
BRF:20
BRH:6
end_of_record
TN:
SF:src\controllers\forum.ts
FN:12,(anonymous_0)
FN:28,(anonymous_1)
FN:33,(anonymous_2)
FN:52,(anonymous_3)
FNF:4
FNH:3
FNDA:2,(anonymous_0)
FNDA:1,(anonymous_1)
FNDA:2,(anonymous_2)
FNDA:0,(anonymous_3)
DA:2,1
DA:9,1
DA:12,1
DA:13,2
DA:16,2
DA:17,1
DA:18,1
DA:22,1
DA:24,1
DA:28,1
DA:29,1
DA:33,1
DA:34,2
DA:36,2
DA:37,1
DA:38,1
DA:41,1
DA:42,1
DA:43,0
DA:44,0
DA:47,1
DA:48,1
DA:52,1
DA:53,0
DA:55,0
DA:56,0
DA:57,0
DA:60,0
DA:61,0
DA:62,0
DA:63,0
DA:66,0
DA:69,0
DA:70,0
DA:71,0
DA:75,0
DA:76,0
DA:77,0
DA:80,0
DA:81,0
LF:40
LH:21
BRDA:16,0,0,1
BRDA:16,0,1,1
BRDA:16,1,0,2
BRDA:16,1,1,1
BRDA:36,2,0,1
BRDA:36,2,1,1
BRDA:42,3,0,0
BRDA:42,3,1,1
BRDA:42,4,0,1
BRDA:42,4,1,0
BRDA:42,4,2,0
BRDA:55,5,0,0
BRDA:55,5,1,0
BRDA:61,6,0,0
BRDA:61,6,1,0
BRDA:61,7,0,0
BRDA:61,7,1,0
BRDA:61,7,2,0
BRDA:69,8,0,0
BRDA:69,8,1,0
BRDA:69,9,0,0
BRDA:69,9,1,0
BRDA:75,10,0,0
BRDA:75,10,1,0
BRDA:75,11,0,0
BRDA:75,11,1,0
BRF:26
BRH:8
end_of_record
TN:
SF:src\controllers\like.ts
FN:7,(anonymous_0)
FNF:1
FNH:1
FNDA:3,(anonymous_0)
DA:2,1
DA:3,1
DA:4,1
DA:7,1
DA:8,3
DA:9,3
DA:13,3
DA:14,3
DA:15,1
DA:16,1
DA:20,2
DA:21,1
DA:22,1
DA:26,1
DA:27,1
DA:28,1
DA:30,1
LF:17
LH:17
BRDA:14,0,0,1
BRDA:14,0,1,2
BRDA:20,1,0,1
BRDA:20,1,1,1
BRF:4
BRH:4
end_of_record
TN:
SF:src\domain\comment.ts
FN:13,createComment
FNF:1
FNH:1
FNDA:3,createComment
DA:13,2
DA:15,3
DA:17,2
LF:3
LH:3
BRDA:15,0,0,1
BRDA:15,0,1,2
BRDA:15,1,0,3
BRDA:15,1,1,2
BRF:4
BRH:4
end_of_record
TN:
SF:src\domain\like.ts
FN:10,createLike
FNF:1
FNH:1
FNDA:3,createLike
DA:10,2
DA:11,3
DA:12,2
DA:13,2
LF:4
LH:4
BRDA:11,0,0,1
BRDA:11,0,1,2
BRDA:12,1,0,0
BRDA:12,1,1,2
BRF:4
BRH:3
end_of_record
TN:
SF:src\domain\post.ts
FN:14,createPost
FNF:1
FNH:1
FNDA:4,createPost
DA:14,2
DA:16,4
DA:19,3
DA:21,2
LF:4
LH:4
BRDA:16,0,0,1
BRDA:16,0,1,3
BRDA:16,1,0,4
BRDA:16,1,1,3
BRDA:19,2,0,1
BRDA:19,2,1,2
BRDA:19,3,0,3
BRDA:19,3,1,2
BRF:8
BRH:8
end_of_record
TN:
SF:src\domain\user.ts
FN:27,createUser
FN:42,isValidStatus
FNF:2
FNH:2
FNDA:4,createUser
FNDA:7,isValidStatus
DA:27,3
DA:29,4
DA:32,3
DA:35,2
DA:42,3
DA:43,7
LF:6
LH:6
BRDA:27,0,0,4
BRDA:29,1,0,1
BRDA:29,1,1,3
BRDA:29,2,0,4
BRDA:29,2,1,3
BRDA:32,3,0,1
BRDA:32,3,1,2
BRDA:32,4,0,3
BRDA:32,4,1,3
BRDA:43,5,0,7
BRDA:43,5,1,6
BRDA:43,5,2,3
BRF:12
BRH:12
end_of_record
TN:
SF:src\middleware\authenticate.ts
FN:17,(anonymous_0)
FNF:1
FNH:1
FNDA:2,(anonymous_0)
DA:2,1
DA:17,1
DA:18,2
DA:20,2
DA:21,1
DA:22,1
DA:25,1
DA:26,1
DA:28,1
DA:29,0
DA:30,0
DA:33,1
DA:34,1
LF:13
LH:11
BRDA:20,0,0,1
BRDA:20,0,1,1
BRDA:28,1,0,0
BRDA:28,1,1,1
BRF:4
BRH:3
end_of_record
TN:
SF:src\middleware\jwt.ts
FN:12,(anonymous_0)
FN:16,(anonymous_1)
FN:20,(anonymous_2)
FN:24,(anonymous_3)
FN:32,(anonymous_4)
FNF:5
FNH:5
FNDA:10,(anonymous_0)
FNDA:2,(anonymous_1)
FNDA:8,(anonymous_2)
FNDA:5,(anonymous_3)
FNDA:4,(anonymous_4)
DA:1,3
DA:2,3
DA:12,3
DA:13,10
DA:16,3
DA:17,2
DA:20,3
DA:21,8
DA:24,3
DA:25,5
DA:26,5
DA:27,5
DA:28,5
DA:32,3
DA:33,4
DA:34,4
DA:36,3
DA:37,3
DA:40,3
DA:42,2
DA:43,2
DA:45,0
LF:22
LH:21
BRDA:34,0,0,1
BRDA:34,0,1,3
BRDA:40,1,0,1
BRDA:40,1,1,2
BRF:4
BRH:4
end_of_record
TN:
SF:src\middleware\requireRole.ts
FN:10,(anonymous_0)
FN:11,(anonymous_1)
FNF:2
FNH:2
FNDA:2,(anonymous_0)
FNDA:2,(anonymous_1)
DA:10,1
DA:11,2
DA:12,2
DA:14,2
DA:15,1
DA:16,1
DA:19,1
LF:7
LH:7
BRDA:14,0,0,1
BRDA:14,0,1,1
BRDA:14,1,0,2
BRDA:14,1,1,2
BRF:4
BRH:4
end_of_record
TN:
SF:src\ports\rest\routes\admin.routes.ts
FNF:0
FNH:0
DA:1,0
DA:2,0
DA:3,0
DA:4,0
DA:7,0
DA:10,0
DA:13,0
DA:16,0
DA:19,0
DA:22,0
DA:24,0
LF:11
LH:0
BRF:0
BRH:0
end_of_record
TN:
SF:src\ports\rest\routes\auth.routes.ts
FNF:0
FNH:0
DA:1,0
DA:2,0
DA:5,0
DA:8,0
DA:11,0
DA:13,0
LF:6
LH:0
BRF:0
BRH:0
end_of_record
TN:
SF:src\ports\rest\routes\posts.routes.ts
FNF:0
FNH:0
DA:1,0
DA:2,0
DA:3,0
DA:4,0
DA:5,0
DA:8,0
DA:13,0
DA:16,0
DA:19,0
DA:22,0
DA:27,0
DA:30,0
DA:33,0
DA:36,0
DA:41,0
DA:43,0
LF:16
LH:0
BRF:0
BRH:0
end_of_record
